<?xml version="1.0" encoding="UTF-8"?>
<!-- Generated by org.testng.reporters.JUnitXMLReporter -->
<testsuite ignored="0" hostname="BLLCLAPUS1698" failures="0" tests="3" name="Default test" time="2.234" errors="0" timestamp="2022-02-22T08:55:11 PST">
  <testcase classname="RacingDatabase" name="test_Headers" time="1.081"/>
  <testcase classname="RacingDatabase" name="test_NumberOfCircuitsFor2017Season_ShouldBe20" time="0.783"/>
  <testcase classname="RacingDatabase" name="test_NumberOfCircuits_ShouldBe20_UsingResponseSpec" time="0.34"/>
</testsuite> <!-- Default test -->
