<?xml version="1.0" encoding="UTF-8"?>
<testng-results ignored="0" total="3" passed="3" failed="0" skipped="0">
  <reporter-output>
  </reporter-output>
  <suite started-at="2022-02-22T08:55:08 PST" name="Default suite" finished-at="2022-02-22T08:55:11 PST" duration-ms="2234">
    <groups>
    </groups>
    <test started-at="2022-02-22T08:55:08 PST" name="Default test" finished-at="2022-02-22T08:55:11 PST" duration-ms="2234">
      <class name="RacingDatabase">
        <test-method signature="test_Headers()[pri:0, instance:RacingDatabase@1021f6c9]" started-at="2022-02-22T08:55:08 PST" name="test_Headers" finished-at="2022-02-22T08:55:09 PST" duration-ms="1081" status="PASS">
          <reporter-output>
          </reporter-output>
        </test-method> <!-- test_Headers -->
        <test-method signature="test_NumberOfCircuitsFor2017Season_ShouldBe20()[pri:0, instance:RacingDatabase@1021f6c9]" started-at="2022-02-22T08:55:09 PST" name="test_NumberOfCircuitsFor2017Season_ShouldBe20" finished-at="2022-02-22T08:55:10 PST" duration-ms="783" status="PASS">
          <reporter-output>
          </reporter-output>
        </test-method> <!-- test_NumberOfCircuitsFor2017Season_ShouldBe20 -->
        <test-method signature="test_NumberOfCircuits_ShouldBe20_UsingResponseSpec()[pri:0, instance:RacingDatabase@1021f6c9]" started-at="2022-02-22T08:55:10 PST" name="test_NumberOfCircuits_ShouldBe20_UsingResponseSpec" finished-at="2022-02-22T08:55:11 PST" duration-ms="340" status="PASS">
          <reporter-output>
          </reporter-output>
        </test-method> <!-- test_NumberOfCircuits_ShouldBe20_UsingResponseSpec -->
      </class> <!-- RacingDatabase -->
    </test> <!-- Default test -->
  </suite> <!-- Default suite -->
</testng-results>
